2023-05-05 14:14:20,014 [Worker-7: Loading available Gradle versions] INFO  o.e.b.c.i.u.g.PublishedGradleVersions - Gradle version information cache is not available. Remote download required.
2023-05-05 14:15:38,707 [ModalContext] INFO  o.e.m.c.i.e.AbstractTransferListenerAdapter - Downloading https://repo.maven.apache.org/maven2/am/ik/archetype/spring-boot-blank-archetype/1.0.6/spring-boot-blank-archetype-1.0.6.pom
2023-05-05 14:15:38,779 [ModalContext] INFO  o.e.m.c.i.e.AbstractTransferListenerAdapter - Downloaded https://repo.maven.apache.org/maven2/am/ik/archetype/spring-boot-blank-archetype/1.0.6/spring-boot-blank-archetype-1.0.6.pom
2023-05-05 14:15:38,851 [ModalContext] INFO  o.e.m.c.i.e.AbstractTransferListenerAdapter - Downloading https://repo.maven.apache.org/maven2/am/ik/archetype/spring-boot-blank-archetype/1.0.6/spring-boot-blank-archetype-1.0.6.jar
2023-05-05 14:15:38,912 [ModalContext] INFO  o.e.m.c.i.e.AbstractTransferListenerAdapter - Downloaded https://repo.maven.apache.org/maven2/am/ik/archetype/spring-boot-blank-archetype/1.0.6/spring-boot-blank-archetype-1.0.6.jar
2023-05-05 14:15:59,273 [Worker-8: Launching mavenrun-d3ecaa06-c9f9-4902-9a4a-bdfd0143b14f] INFO  o.eclipse.m2e.core.internal.Bundles - getClasspathEntries(Bundle=org.eclipse.m2e.maven.runtime_3.8.701.20230209-1606 [273])
2023-05-05 14:15:59,276 [Worker-8: Launching mavenrun-d3ecaa06-c9f9-4902-9a4a-bdfd0143b14f] INFO  o.eclipse.m2e.core.internal.Bundles - 	Entry: C:\Users\dt141\.p2\pool\plugins\org.eclipse.m2e.maven.runtime_3.8.701.20230209-1606
2023-05-05 14:15:59,277 [Worker-8: Launching mavenrun-d3ecaa06-c9f9-4902-9a4a-bdfd0143b14f] INFO  o.eclipse.m2e.core.internal.Bundles - 	Entry: C:\Users\dt141\.p2\pool\plugins\org.eclipse.m2e.maven.runtime_3.8.701.20230209-1606\jars\aether-connector-okhttp-0.17.8.jar
2023-05-05 14:15:59,277 [Worker-8: Launching mavenrun-d3ecaa06-c9f9-4902-9a4a-bdfd0143b14f] INFO  o.eclipse.m2e.core.internal.Bundles - 	Entry: C:\Users\dt141\.p2\pool\plugins\org.eclipse.m2e.maven.runtime_3.8.701.20230209-1606\jars\commons-lang3-3.8.1.jar
2023-05-05 14:15:59,277 [Worker-8: Launching mavenrun-d3ecaa06-c9f9-4902-9a4a-bdfd0143b14f] INFO  o.eclipse.m2e.core.internal.Bundles - 	Entry: C:\Users\dt141\.p2\pool\plugins\org.eclipse.m2e.maven.runtime_3.8.701.20230209-1606\jars\guice-4.2.2-no_aop.jar
2023-05-05 14:15:59,277 [Worker-8: Launching mavenrun-d3ecaa06-c9f9-4902-9a4a-bdfd0143b14f] INFO  o.eclipse.m2e.core.internal.Bundles - 	Entry: C:\Users\dt141\.p2\pool\plugins\org.eclipse.m2e.maven.runtime_3.8.701.20230209-1606\jars\jansi-2.4.0.jar
2023-05-05 14:15:59,278 [Worker-8: Launching mavenrun-d3ecaa06-c9f9-4902-9a4a-bdfd0143b14f] INFO  o.eclipse.m2e.core.internal.Bundles - 	Entry: C:\Users\dt141\.p2\pool\plugins\org.eclipse.m2e.maven.runtime_3.8.701.20230209-1606\jars\maven-artifact-3.8.7.jar
2023-05-05 14:15:59,278 [Worker-8: Launching mavenrun-d3ecaa06-c9f9-4902-9a4a-bdfd0143b14f] INFO  o.eclipse.m2e.core.internal.Bundles - 	Entry: C:\Users\dt141\.p2\pool\plugins\org.eclipse.m2e.maven.runtime_3.8.701.20230209-1606\jars\maven-builder-support-3.8.7.jar
2023-05-05 14:15:59,278 [Worker-8: Launching mavenrun-d3ecaa06-c9f9-4902-9a4a-bdfd0143b14f] INFO  o.eclipse.m2e.core.internal.Bundles - 	Entry: C:\Users\dt141\.p2\pool\plugins\org.eclipse.m2e.maven.runtime_3.8.701.20230209-1606\jars\maven-compat-3.8.7.jar
2023-05-05 14:15:59,278 [Worker-8: Launching mavenrun-d3ecaa06-c9f9-4902-9a4a-bdfd0143b14f] INFO  o.eclipse.m2e.core.internal.Bundles - 	Entry: C:\Users\dt141\.p2\pool\plugins\org.eclipse.m2e.maven.runtime_3.8.701.20230209-1606\jars\maven-core-3.8.7.jar
2023-05-05 14:15:59,278 [Worker-8: Launching mavenrun-d3ecaa06-c9f9-4902-9a4a-bdfd0143b14f] INFO  o.eclipse.m2e.core.internal.Bundles - 	Entry: C:\Users\dt141\.p2\pool\plugins\org.eclipse.m2e.maven.runtime_3.8.701.20230209-1606\jars\maven-embedder-3.8.7.jar
2023-05-05 14:15:59,278 [Worker-8: Launching mavenrun-d3ecaa06-c9f9-4902-9a4a-bdfd0143b14f] INFO  o.eclipse.m2e.core.internal.Bundles - 	Entry: C:\Users\dt141\.p2\pool\plugins\org.eclipse.m2e.maven.runtime_3.8.701.20230209-1606\jars\maven-model-3.8.7.jar
2023-05-05 14:15:59,278 [Worker-8: Launching mavenrun-d3ecaa06-c9f9-4902-9a4a-bdfd0143b14f] INFO  o.eclipse.m2e.core.internal.Bundles - 	Entry: C:\Users\dt141\.p2\pool\plugins\org.eclipse.m2e.maven.runtime_3.8.701.20230209-1606\jars\maven-model-builder-3.8.7.jar
2023-05-05 14:15:59,279 [Worker-8: Launching mavenrun-d3ecaa06-c9f9-4902-9a4a-bdfd0143b14f] INFO  o.eclipse.m2e.core.internal.Bundles - 	Entry: C:\Users\dt141\.p2\pool\plugins\org.eclipse.m2e.maven.runtime_3.8.701.20230209-1606\jars\maven-plugin-api-3.8.7.jar
2023-05-05 14:15:59,279 [Worker-8: Launching mavenrun-d3ecaa06-c9f9-4902-9a4a-bdfd0143b14f] INFO  o.eclipse.m2e.core.internal.Bundles - 	Entry: C:\Users\dt141\.p2\pool\plugins\org.eclipse.m2e.maven.runtime_3.8.701.20230209-1606\jars\maven-repository-metadata-3.8.7.jar
2023-05-05 14:15:59,279 [Worker-8: Launching mavenrun-d3ecaa06-c9f9-4902-9a4a-bdfd0143b14f] INFO  o.eclipse.m2e.core.internal.Bundles - 	Entry: C:\Users\dt141\.p2\pool\plugins\org.eclipse.m2e.maven.runtime_3.8.701.20230209-1606\jars\maven-resolver-api-1.6.3.jar
2023-05-05 14:15:59,279 [Worker-8: Launching mavenrun-d3ecaa06-c9f9-4902-9a4a-bdfd0143b14f] INFO  o.eclipse.m2e.core.internal.Bundles - 	Entry: C:\Users\dt141\.p2\pool\plugins\org.eclipse.m2e.maven.runtime_3.8.701.20230209-1606\jars\maven-resolver-connector-basic-1.6.3.jar
2023-05-05 14:15:59,279 [Worker-8: Launching mavenrun-d3ecaa06-c9f9-4902-9a4a-bdfd0143b14f] INFO  o.eclipse.m2e.core.internal.Bundles - 	Entry: C:\Users\dt141\.p2\pool\plugins\org.eclipse.m2e.maven.runtime_3.8.701.20230209-1606\jars\maven-resolver-impl-1.6.3.jar
2023-05-05 14:15:59,279 [Worker-8: Launching mavenrun-d3ecaa06-c9f9-4902-9a4a-bdfd0143b14f] INFO  o.eclipse.m2e.core.internal.Bundles - 	Entry: C:\Users\dt141\.p2\pool\plugins\org.eclipse.m2e.maven.runtime_3.8.701.20230209-1606\jars\maven-resolver-provider-3.8.7.jar
2023-05-05 14:15:59,279 [Worker-8: Launching mavenrun-d3ecaa06-c9f9-4902-9a4a-bdfd0143b14f] INFO  o.eclipse.m2e.core.internal.Bundles - 	Entry: C:\Users\dt141\.p2\pool\plugins\org.eclipse.m2e.maven.runtime_3.8.701.20230209-1606\jars\maven-resolver-spi-1.6.3.jar
2023-05-05 14:15:59,279 [Worker-8: Launching mavenrun-d3ecaa06-c9f9-4902-9a4a-bdfd0143b14f] INFO  o.eclipse.m2e.core.internal.Bundles - 	Entry: C:\Users\dt141\.p2\pool\plugins\org.eclipse.m2e.maven.runtime_3.8.701.20230209-1606\jars\maven-resolver-transport-wagon-1.6.3.jar
2023-05-05 14:15:59,280 [Worker-8: Launching mavenrun-d3ecaa06-c9f9-4902-9a4a-bdfd0143b14f] INFO  o.eclipse.m2e.core.internal.Bundles - 	Entry: C:\Users\dt141\.p2\pool\plugins\org.eclipse.m2e.maven.runtime_3.8.701.20230209-1606\jars\maven-resolver-util-1.6.3.jar
2023-05-05 14:15:59,280 [Worker-8: Launching mavenrun-d3ecaa06-c9f9-4902-9a4a-bdfd0143b14f] INFO  o.eclipse.m2e.core.internal.Bundles - 	Entry: C:\Users\dt141\.p2\pool\plugins\org.eclipse.m2e.maven.runtime_3.8.701.20230209-1606\jars\maven-settings-3.8.7.jar
2023-05-05 14:15:59,280 [Worker-8: Launching mavenrun-d3ecaa06-c9f9-4902-9a4a-bdfd0143b14f] INFO  o.eclipse.m2e.core.internal.Bundles - 	Entry: C:\Users\dt141\.p2\pool\plugins\org.eclipse.m2e.maven.runtime_3.8.701.20230209-1606\jars\maven-settings-builder-3.8.7.jar
2023-05-05 14:15:59,280 [Worker-8: Launching mavenrun-d3ecaa06-c9f9-4902-9a4a-bdfd0143b14f] INFO  o.eclipse.m2e.core.internal.Bundles - 	Entry: C:\Users\dt141\.p2\pool\plugins\org.eclipse.m2e.maven.runtime_3.8.701.20230209-1606\jars\maven-shared-utils-3.3.4.jar
2023-05-05 14:15:59,280 [Worker-8: Launching mavenrun-d3ecaa06-c9f9-4902-9a4a-bdfd0143b14f] INFO  o.eclipse.m2e.core.internal.Bundles - 	Entry: C:\Users\dt141\.p2\pool\plugins\org.eclipse.m2e.maven.runtime_3.8.701.20230209-1606\jars\okhttp-3.14.1.jar
2023-05-05 14:15:59,280 [Worker-8: Launching mavenrun-d3ecaa06-c9f9-4902-9a4a-bdfd0143b14f] INFO  o.eclipse.m2e.core.internal.Bundles - 	Entry: C:\Users\dt141\.p2\pool\plugins\org.eclipse.m2e.maven.runtime_3.8.701.20230209-1606\jars\okio-1.17.3.jar
2023-05-05 14:15:59,281 [Worker-8: Launching mavenrun-d3ecaa06-c9f9-4902-9a4a-bdfd0143b14f] INFO  o.eclipse.m2e.core.internal.Bundles - 	Entry: C:\Users\dt141\.p2\pool\plugins\org.eclipse.m2e.maven.runtime_3.8.701.20230209-1606\jars\org.eclipse.sisu.inject-0.3.5.jar
2023-05-05 14:15:59,281 [Worker-8: Launching mavenrun-d3ecaa06-c9f9-4902-9a4a-bdfd0143b14f] INFO  o.eclipse.m2e.core.internal.Bundles - 	Entry: C:\Users\dt141\.p2\pool\plugins\org.eclipse.m2e.maven.runtime_3.8.701.20230209-1606\jars\org.eclipse.sisu.plexus-0.3.5.jar
2023-05-05 14:15:59,281 [Worker-8: Launching mavenrun-d3ecaa06-c9f9-4902-9a4a-bdfd0143b14f] INFO  o.eclipse.m2e.core.internal.Bundles - 	Entry: C:\Users\dt141\.p2\pool\plugins\org.eclipse.m2e.maven.runtime_3.8.701.20230209-1606\jars\plexus-build-api-0.0.7.jar
2023-05-05 14:15:59,281 [Worker-8: Launching mavenrun-d3ecaa06-c9f9-4902-9a4a-bdfd0143b14f] INFO  o.eclipse.m2e.core.internal.Bundles - 	Entry: C:\Users\dt141\.p2\pool\plugins\org.eclipse.m2e.maven.runtime_3.8.701.20230209-1606\jars\plexus-cipher-2.0.jar
2023-05-05 14:15:59,281 [Worker-8: Launching mavenrun-d3ecaa06-c9f9-4902-9a4a-bdfd0143b14f] INFO  o.eclipse.m2e.core.internal.Bundles - 	Entry: C:\Users\dt141\.p2\pool\plugins\org.eclipse.m2e.maven.runtime_3.8.701.20230209-1606\jars\plexus-classworlds-2.6.0.jar
2023-05-05 14:15:59,281 [Worker-8: Launching mavenrun-d3ecaa06-c9f9-4902-9a4a-bdfd0143b14f] INFO  o.eclipse.m2e.core.internal.Bundles - 	Entry: C:\Users\dt141\.p2\pool\plugins\org.eclipse.m2e.maven.runtime_3.8.701.20230209-1606\jars\plexus-component-annotations-2.1.0.jar
2023-05-05 14:15:59,281 [Worker-8: Launching mavenrun-d3ecaa06-c9f9-4902-9a4a-bdfd0143b14f] INFO  o.eclipse.m2e.core.internal.Bundles - 	Entry: C:\Users\dt141\.p2\pool\plugins\org.eclipse.m2e.maven.runtime_3.8.701.20230209-1606\jars\plexus-interpolation-1.26.jar
2023-05-05 14:15:59,282 [Worker-8: Launching mavenrun-d3ecaa06-c9f9-4902-9a4a-bdfd0143b14f] INFO  o.eclipse.m2e.core.internal.Bundles - 	Entry: C:\Users\dt141\.p2\pool\plugins\org.eclipse.m2e.maven.runtime_3.8.701.20230209-1606\jars\plexus-sec-dispatcher-2.0.jar
2023-05-05 14:15:59,282 [Worker-8: Launching mavenrun-d3ecaa06-c9f9-4902-9a4a-bdfd0143b14f] INFO  o.eclipse.m2e.core.internal.Bundles - 	Entry: C:\Users\dt141\.p2\pool\plugins\org.eclipse.m2e.maven.runtime_3.8.701.20230209-1606\jars\plexus-utils-3.3.1.jar
2023-05-05 14:15:59,282 [Worker-8: Launching mavenrun-d3ecaa06-c9f9-4902-9a4a-bdfd0143b14f] INFO  o.eclipse.m2e.core.internal.Bundles - 	Entry: C:\Users\dt141\.p2\pool\plugins\org.eclipse.m2e.maven.runtime_3.8.701.20230209-1606\jars\wagon-file-3.5.3.jar
2023-05-05 14:15:59,282 [Worker-8: Launching mavenrun-d3ecaa06-c9f9-4902-9a4a-bdfd0143b14f] INFO  o.eclipse.m2e.core.internal.Bundles - 	Entry: C:\Users\dt141\.p2\pool\plugins\org.eclipse.m2e.maven.runtime_3.8.701.20230209-1606\jars\wagon-provider-api-3.5.3.jar
2023-05-05 14:15:59,284 [Worker-8: Launching mavenrun-d3ecaa06-c9f9-4902-9a4a-bdfd0143b14f] INFO  o.eclipse.m2e.core.internal.Bundles - getClasspathEntries(Bundle=com.google.guava_31.1.0.jre [9])
2023-05-05 14:15:59,285 [Worker-8: Launching mavenrun-d3ecaa06-c9f9-4902-9a4a-bdfd0143b14f] INFO  o.eclipse.m2e.core.internal.Bundles - 	Entry: C:\Users\dt141\.p2\pool\plugins\com.google.guava_31.1.0.jre.jar
2023-05-05 14:15:59,285 [Worker-8: Launching mavenrun-d3ecaa06-c9f9-4902-9a4a-bdfd0143b14f] INFO  o.eclipse.m2e.core.internal.Bundles - getClasspathEntries(Bundle=slf4j.api_1.7.36 [441])
2023-05-05 14:15:59,286 [Worker-8: Launching mavenrun-d3ecaa06-c9f9-4902-9a4a-bdfd0143b14f] INFO  o.eclipse.m2e.core.internal.Bundles - 	Entry: C:\Users\dt141\.p2\pool\plugins\slf4j.api_1.7.36.jar
2023-05-05 14:15:59,286 [Worker-8: Launching mavenrun-d3ecaa06-c9f9-4902-9a4a-bdfd0143b14f] INFO  o.eclipse.m2e.core.internal.Bundles - getClasspathEntries(Bundle=javax.inject_1.0.0.v20220405-0441 [21])
2023-05-05 14:15:59,287 [Worker-8: Launching mavenrun-d3ecaa06-c9f9-4902-9a4a-bdfd0143b14f] INFO  o.eclipse.m2e.core.internal.Bundles - 	Entry: C:\Users\dt141\.p2\pool\plugins\javax.inject_1.0.0.v20220405-0441.jar
2023-05-05 14:15:59,287 [Worker-8: Launching mavenrun-d3ecaa06-c9f9-4902-9a4a-bdfd0143b14f] INFO  o.eclipse.m2e.core.internal.Bundles - getClasspathEntries(Bundle=javax.annotation_1.3.5.v20221203-1659 [19])
2023-05-05 14:15:59,288 [Worker-8: Launching mavenrun-d3ecaa06-c9f9-4902-9a4a-bdfd0143b14f] INFO  o.eclipse.m2e.core.internal.Bundles - 	Entry: C:\Users\dt141\.p2\pool\plugins\javax.annotation_1.3.5.v20221203-1659.jar
2023-05-05 14:15:59,288 [Worker-8: Launching mavenrun-d3ecaa06-c9f9-4902-9a4a-bdfd0143b14f] INFO  o.eclipse.m2e.core.internal.Bundles - getClasspathEntries(Bundle=org.apache.commons.cli_1.4.0.v20221112-0806 [41])
2023-05-05 14:15:59,289 [Worker-8: Launching mavenrun-d3ecaa06-c9f9-4902-9a4a-bdfd0143b14f] INFO  o.eclipse.m2e.core.internal.Bundles - 	Entry: C:\Users\dt141\.p2\pool\plugins\org.apache.commons.cli_1.4.0.v20221112-0806.jar
2023-05-05 14:15:59,290 [Worker-8: Launching mavenrun-d3ecaa06-c9f9-4902-9a4a-bdfd0143b14f] INFO  o.eclipse.m2e.core.internal.Bundles - getClasspathEntries(Bundle=com.google.guava.failureaccess_1.0.1 [11])
2023-05-05 14:15:59,291 [Worker-8: Launching mavenrun-d3ecaa06-c9f9-4902-9a4a-bdfd0143b14f] INFO  o.eclipse.m2e.core.internal.Bundles - 	Entry: C:\Users\dt141\.p2\pool\plugins\com.google.guava.failureaccess_1.0.1.jar
2023-05-05 14:15:59,301 [Worker-8: Launching mavenrun-d3ecaa06-c9f9-4902-9a4a-bdfd0143b14f] INFO  o.e.m.i.launch.MavenLaunchDelegate - Run build in "C:\Users\dt141\AppData\Local\Temp\m2e-archetypeGenerator16714260090331188528":
2023-05-05 14:15:59,306 [Worker-8: Launching mavenrun-d3ecaa06-c9f9-4902-9a4a-bdfd0143b14f] INFO  o.e.m.i.launch.MavenLaunchDelegate -  mvn  -DarchetypeGroupId=am.ik.archetype -DarchetypeArtifactId=spring-boot-blank-archetype -DarchetypeVersion=1.0.6 -DgroupId=BoltWise -DartifactId=BoltWise -Dversion=0.0.1-SNAPSHOT -Dpackage=BoltWise.BoltWise -DoutputDirectory=C:\BoltWise -Dstyle.color=always -U archetype:generate
2023-05-07 04:46:13,223 [Worker-2: Loading available Gradle versions] INFO  o.e.b.c.i.u.g.PublishedGradleVersions - Gradle version information cache is out-of-date. Trying to update.
2023-05-07 05:38:03,468 [Worker-0: Loading available Gradle versions] INFO  o.e.b.c.i.u.g.PublishedGradleVersions - Gradle version information cache is up-to-date. Trying to read.
